2026-05-08 22:54:32,953 | INFO | User registered: admin
2026-05-08 22:54:32,958 | INFO | Login success: admin
2026-05-12 00:38:44,966 | INFO | User registered: Nayef
2026-05-12 00:39:01,848 | INFO | Login success: Nayef
2026-05-12 00:43:06,375 | WARNING | Failed login for nayef
2026-05-12 00:43:20,575 | WARNING | Failed login for nayef1
2026-05-12 00:44:19,017 | INFO | User registered: nayef1
2026-05-12 00:44:39,626 | INFO | Login success: nayef1
2026-05-12 00:45:30,296 | INFO | Login success: nayef1
2026-05-12 00:50:25,043 | INFO | Login success: nayef1
2026-05-12 00:57:38,240 | INFO | User registered: ac3d1e26-fca0-4f15-8e16-a8a28dbbab8d
2026-05-12 00:57:40,332 | INFO | User registered: 521061fd-7195-475a-9d39-beb289b5c4ef
2026-05-12 00:57:42,380 | INFO | Login success: 521061fd-7195-475a-9d39-beb289b5c4ef
2026-05-12 00:57:44,468 | INFO | Item created by 521061fd-7195-475a-9d39-beb289b5c4ef
2026-05-12 00:57:44,524 | INFO | User registered: 256fddb9-f367-4cc7-829c-53da5d2778cc
2026-05-12 00:57:44,533 | INFO | Login success: 256fddb9-f367-4cc7-829c-53da5d2778cc
2026-05-12 00:57:44,547 | INFO | Item created by 256fddb9-f367-4cc7-829c-53da5d2778cc
2026-05-12 00:57:44,567 | INFO | User registered: e6aa0a1c-2396-43af-8d33-b8a708854817
2026-05-12 00:57:44,572 | INFO | Login success: e6aa0a1c-2396-43af-8d33-b8a708854817
2026-05-12 00:57:44,586 | INFO | User registered: 43e53da2-092b-4e51-98dd-0929705f3fe7
2026-05-12 00:57:44,592 | INFO | Login success: 43e53da2-092b-4e51-98dd-0929705f3fe7
2026-05-12 01:01:21,202 | INFO | Login success: nayef1
2026-05-12 01:01:55,379 | INFO | Item created by nayef1
2026-05-12 01:38:42,201 | INFO | User registered: admin
2026-05-12 01:39:00,787 | INFO | Login success: admin
2026-05-12 01:42:25,498 | INFO | Login success: admin
2026-05-12 01:43:09,045 | INFO | Item created by admin
2026-05-12 01:48:19,284 | INFO | Login success: admin
2026-05-12 01:49:40,739 | INFO | Item updated: 4
2026-05-13 01:08:14,865 | INFO | User registered: nayef
2026-05-13 01:08:42,883 | INFO | Login success: nayef
2026-05-13 01:11:33,817 | INFO | Item updated: 3
2026-05-13 01:14:10,617 | INFO | User registered: saad
2026-05-13 01:16:54,455 | INFO | Login success: nayef
2026-05-13 01:35:52,513 | INFO | User registered: saad
2026-05-13 01:36:09,848 | INFO | Login success: saad
2026-05-13 01:36:30,750 | INFO | Item created by saad
2026-05-13 01:45:10,927 | INFO | User deleted own item: 1
2026-05-13 01:45:24,124 | WARNING | Failed login for nayef
2026-05-13 01:45:29,051 | WARNING | Failed login for nayef
2026-05-13 01:45:30,618 | WARNING | Failed login for nayef
2026-05-13 01:45:31,481 | WARNING | Failed login for nayef
2026-05-13 01:45:32,427 | WARNING | Failed login for nayef
2026-05-13 01:45:33,161 | WARNING | Failed login for nayef
2026-05-13 01:45:33,567 | WARNING | Failed login for nayef
2026-05-13 01:45:33,953 | WARNING | Failed login for nayef
2026-05-13 01:45:46,237 | INFO | User registered: nayef
2026-05-13 01:45:48,436 | INFO | Login success: nayef
2026-05-13 01:46:42,773 | INFO | User registered: nayef1
2026-05-13 01:46:58,590 | INFO | Login success: nayef1
2026-05-13 01:47:41,227 | INFO | Login success: saad
2026-05-13 01:47:59,776 | INFO | Item created by saad
2026-05-13 01:48:08,250 | INFO | Login success: nayef
2026-05-13 01:48:19,772 | INFO | Admin deleted item: 2
2026-05-13 01:48:34,925 | INFO | Item created by nayef
2026-05-13 01:49:43,566 | INFO | Login success: saad
2026-05-13 01:58:15,261 | INFO | Login success: saad
2026-05-13 01:58:51,384 | INFO | Item created by saad
2026-05-13 01:59:17,725 | INFO | Item created by saad
2026-05-13 01:59:33,319 | INFO | Item created by saad
2026-05-13 01:59:46,172 | INFO | Item created by saad
2026-05-13 01:59:55,055 | INFO | Item created by saad
2026-05-13 02:00:03,028 | INFO | Item created by saad
2026-05-13 02:00:15,873 | INFO | Item created by saad
2026-05-13 02:00:23,911 | INFO | Item created by saad
2026-05-13 02:00:33,714 | INFO | Item created by saad
2026-05-13 02:00:46,362 | INFO | Item created by saad
2026-05-13 02:01:37,267 | INFO | Login success: nayef
